{"event":"daemon_hbm_probe_start","device_id":7,"requested_bytes":1048576,"granularity":2097152,"hbm_free":65626447872,"hbm_total":65796046848}
{"event":"daemon_hbm_probe_allocated","device_id":7,"raw_handle_id":1,"requested_bytes":1048576,"actual_bytes":2097152,"granularity":2097152,"service_mapping_id":1,"service_device_ptr":"0x12c180000000"}
{"event":"daemon_hbm_probe_released","device_id":7,"requested_bytes":1048576,"actual_bytes":2097152}
{"event":"daemon_started","device_id":7,"socket":"/tmp/phasee08_low_overhead_executor_20260630_201609.sock","block_count":0,"startup_probe_bytes":1048576,"accept_poll_us":1000,"hbm_available":true,"hbm_probe_error":""}
{"event":"client_registered","client_id":1,"role":"phasee08-low-overhead","os_pid":846270,"bare_tgid":846270,"device_id":7}
{"event":"model_registered","model_id":"phasee08-low-overhead"}
{"event":"ddr_object_pretouched","object_id":100,"requested_bytes":67108864,"path":"/proc/846227/fd/17","ddr_fast_profile":"thp_pretouched","madvise_hugepage":true,"prepare_us":1783.541}
{"event":"ddr_object_created","object_id":100,"lease_id":1000,"client_id":1,"requested_bytes":67108864,"actual_bytes":67108864,"role":"user","name":"phasee08.h2d.67108864.src","target":"host:0","path":"/proc/846227/fd/17"}
{"event":"data_object_ready","object_id":100}
{"event":"block_allocated","block_id":1,"raw_handle_id":2,"requested_bytes":67108864,"actual_bytes":67108864,"service_mapping_id":2,"service_device_ptr":"0x12c180000000","shareable":30064773338,"dynamic":true}
{"event":"data_object_created","object_id":101,"lease_id":1001,"client_id":1,"block_id":1,"requested_bytes":67108864,"actual_bytes":67108864,"role":"user","name":"phasee08.h2d.67108864.dst","dynamic":true}
{"event":"transfer_planned","plan_id":20001,"client_id":1,"path":"ddr_to_hbm","engine":"acl_direct_async_thp","nbytes":67108864,"fallback_used":false}
{"event":"transfer_submitted","event_id":30000,"plan_id":20001,"status":"running","completion_kind":"thread_event"}
{"event":"transfer_completed","event_id":30000,"plan_id":20001,"status":"complete","bytes_done":67108864,"latency_us":2612.847,"fallback_used":false,"actual_engine":"acl_direct_async_thp"}
{"event":"transfer_submitted","event_id":30001,"plan_id":20001,"status":"running","completion_kind":"thread_event"}
{"event":"transfer_completed","event_id":30001,"plan_id":20001,"status":"complete","bytes_done":67108864,"latency_us":1336.349,"fallback_used":false,"actual_engine":"acl_direct_async_thp"}
{"event":"transfer_submitted","event_id":30002,"plan_id":20001,"status":"running","completion_kind":"thread_event"}
{"event":"transfer_completed","event_id":30002,"plan_id":20001,"status":"complete","bytes_done":67108864,"latency_us":1329.129,"fallback_used":false,"actual_engine":"acl_direct_async_thp"}
{"event":"lease_closed","lease_id":1001}
{"event":"data_object_released","object_id":101,"creator_client_id":1,"model_id":"phasee08-low-overhead","name":"phasee08.h2d.67108864.dst","role":"user","placement":"hbm"}
{"event":"lease_closed","lease_id":1000}
{"event":"data_object_released","object_id":100,"creator_client_id":1,"model_id":"phasee08-low-overhead","name":"phasee08.h2d.67108864.src","role":"user","placement":"ddr"}
{"event":"ddr_object_pretouched","object_id":102,"requested_bytes":67108864,"path":"/proc/846227/fd/17","ddr_fast_profile":"thp_pretouched","madvise_hugepage":true,"prepare_us":1715.081}
{"event":"ddr_object_created","object_id":102,"lease_id":1002,"client_id":1,"requested_bytes":67108864,"actual_bytes":67108864,"role":"user","name":"phasee08.d2h.67108864.preload","target":"host:0","path":"/proc/846227/fd/17"}
{"event":"data_object_ready","object_id":102}
{"event":"block_allocated","block_id":2,"raw_handle_id":3,"requested_bytes":67108864,"actual_bytes":67108864,"service_mapping_id":3,"service_device_ptr":"0x12c180000000","shareable":30064773339,"dynamic":true}
{"event":"data_object_created","object_id":103,"lease_id":1003,"client_id":1,"block_id":2,"requested_bytes":67108864,"actual_bytes":67108864,"role":"user","name":"phasee08.d2h.67108864.src","dynamic":true}
{"event":"transfer_planned","plan_id":20003,"client_id":1,"path":"ddr_to_hbm","engine":"acl_direct_async_thp","nbytes":67108864,"fallback_used":false}
{"event":"transfer_submitted","event_id":30003,"plan_id":20003,"status":"running","completion_kind":"thread_event"}
{"event":"transfer_completed","event_id":30003,"plan_id":20003,"status":"complete","bytes_done":67108864,"latency_us":1356.879,"fallback_used":false,"actual_engine":"acl_direct_async_thp"}
{"event":"ddr_object_pretouched","object_id":104,"requested_bytes":67108864,"path":"/proc/846227/fd/18","ddr_fast_profile":"thp_pretouched","madvise_hugepage":true,"prepare_us":1734.651}
{"event":"ddr_object_created","object_id":104,"lease_id":1004,"client_id":1,"requested_bytes":67108864,"actual_bytes":67108864,"role":"user","name":"phasee08.d2h.67108864.dst","target":"host:0","path":"/proc/846227/fd/18"}
{"event":"transfer_planned","plan_id":20005,"client_id":1,"path":"hbm_to_ddr","engine":"acl_direct_async_thp","nbytes":67108864,"fallback_used":false}
{"event":"transfer_submitted","event_id":30004,"plan_id":20005,"status":"running","completion_kind":"thread_event"}
{"event":"transfer_completed","event_id":30004,"plan_id":20005,"status":"complete","bytes_done":67108864,"latency_us":2758.437,"fallback_used":false,"actual_engine":"acl_direct_async_thp"}
{"event":"transfer_submitted","event_id":30005,"plan_id":20005,"status":"running","completion_kind":"thread_event"}
{"event":"transfer_completed","event_id":30005,"plan_id":20005,"status":"complete","bytes_done":67108864,"latency_us":1752.571,"fallback_used":false,"actual_engine":"acl_direct_async_thp"}
{"event":"transfer_submitted","event_id":30006,"plan_id":20005,"status":"running","completion_kind":"thread_event"}
{"event":"transfer_completed","event_id":30006,"plan_id":20005,"status":"complete","bytes_done":67108864,"latency_us":1763.911,"fallback_used":false,"actual_engine":"acl_direct_async_thp"}
{"event":"lease_closed","lease_id":1004}
{"event":"data_object_released","object_id":104,"creator_client_id":1,"model_id":"phasee08-low-overhead","name":"phasee08.d2h.67108864.dst","role":"user","placement":"ddr"}
{"event":"lease_closed","lease_id":1003}
{"event":"data_object_released","object_id":103,"creator_client_id":1,"model_id":"phasee08-low-overhead","name":"phasee08.d2h.67108864.src","role":"user","placement":"hbm"}
{"event":"lease_closed","lease_id":1002}
{"event":"data_object_released","object_id":102,"creator_client_id":1,"model_id":"phasee08-low-overhead","name":"phasee08.d2h.67108864.preload","role":"user","placement":"ddr"}
{"event":"ddr_object_pretouched","object_id":105,"requested_bytes":268435456,"path":"/proc/846227/fd/17","ddr_fast_profile":"thp_pretouched","madvise_hugepage":true,"prepare_us":7510.258}
{"event":"ddr_object_created","object_id":105,"lease_id":1005,"client_id":1,"requested_bytes":268435456,"actual_bytes":268435456,"role":"user","name":"phasee08.h2d.268435456.src","target":"host:0","path":"/proc/846227/fd/17"}
{"event":"data_object_ready","object_id":105}
{"event":"block_allocated","block_id":3,"raw_handle_id":4,"requested_bytes":268435456,"actual_bytes":268435456,"service_mapping_id":4,"service_device_ptr":"0x12c180000000","shareable":30064773340,"dynamic":true}
{"event":"data_object_created","object_id":106,"lease_id":1006,"client_id":1,"block_id":3,"requested_bytes":268435456,"actual_bytes":268435456,"role":"user","name":"phasee08.h2d.268435456.dst","dynamic":true}
{"event":"transfer_planned","plan_id":20007,"client_id":1,"path":"ddr_to_hbm","engine":"acl_direct_async_thp","nbytes":268435456,"fallback_used":false}
{"event":"transfer_submitted","event_id":30007,"plan_id":20007,"status":"running","completion_kind":"thread_event"}
{"event":"transfer_completed","event_id":30007,"plan_id":20007,"status":"complete","bytes_done":268435456,"latency_us":4752.570,"fallback_used":false,"actual_engine":"acl_direct_async_thp"}
{"event":"transfer_submitted","event_id":30008,"plan_id":20007,"status":"running","completion_kind":"thread_event"}
{"event":"transfer_completed","event_id":30008,"plan_id":20007,"status":"complete","bytes_done":268435456,"latency_us":4634.110,"fallback_used":false,"actual_engine":"acl_direct_async_thp"}
{"event":"transfer_submitted","event_id":30009,"plan_id":20007,"status":"running","completion_kind":"thread_event"}
{"event":"transfer_completed","event_id":30009,"plan_id":20007,"status":"complete","bytes_done":268435456,"latency_us":4641.820,"fallback_used":false,"actual_engine":"acl_direct_async_thp"}
{"event":"lease_closed","lease_id":1006}
{"event":"data_object_released","object_id":106,"creator_client_id":1,"model_id":"phasee08-low-overhead","name":"phasee08.h2d.268435456.dst","role":"user","placement":"hbm"}
{"event":"lease_closed","lease_id":1005}
{"event":"data_object_released","object_id":105,"creator_client_id":1,"model_id":"phasee08-low-overhead","name":"phasee08.h2d.268435456.src","role":"user","placement":"ddr"}
{"event":"ddr_object_pretouched","object_id":107,"requested_bytes":268435456,"path":"/proc/846227/fd/17","ddr_fast_profile":"thp_pretouched","madvise_hugepage":true,"prepare_us":7019.894}
{"event":"ddr_object_created","object_id":107,"lease_id":1007,"client_id":1,"requested_bytes":268435456,"actual_bytes":268435456,"role":"user","name":"phasee08.d2h.268435456.preload","target":"host:0","path":"/proc/846227/fd/17"}
{"event":"data_object_ready","object_id":107}
{"event":"block_allocated","block_id":4,"raw_handle_id":5,"requested_bytes":268435456,"actual_bytes":268435456,"service_mapping_id":5,"service_device_ptr":"0x12c180000000","shareable":30064773341,"dynamic":true}
{"event":"data_object_created","object_id":108,"lease_id":1008,"client_id":1,"block_id":4,"requested_bytes":268435456,"actual_bytes":268435456,"role":"user","name":"phasee08.d2h.268435456.src","dynamic":true}
{"event":"transfer_planned","plan_id":20009,"client_id":1,"path":"ddr_to_hbm","engine":"acl_direct_async_thp","nbytes":268435456,"fallback_used":false}
{"event":"transfer_submitted","event_id":30010,"plan_id":20009,"status":"running","completion_kind":"thread_event"}
{"event":"transfer_completed","event_id":30010,"plan_id":20009,"status":"complete","bytes_done":268435456,"latency_us":4774.791,"fallback_used":false,"actual_engine":"acl_direct_async_thp"}
{"event":"ddr_object_pretouched","object_id":109,"requested_bytes":268435456,"path":"/proc/846227/fd/18","ddr_fast_profile":"thp_pretouched","madvise_hugepage":true,"prepare_us":7173.946}
{"event":"ddr_object_created","object_id":109,"lease_id":1009,"client_id":1,"requested_bytes":268435456,"actual_bytes":268435456,"role":"user","name":"phasee08.d2h.268435456.dst","target":"host:0","path":"/proc/846227/fd/18"}
{"event":"transfer_planned","plan_id":20011,"client_id":1,"path":"hbm_to_ddr","engine":"acl_direct_async_thp","nbytes":268435456,"fallback_used":false}
{"event":"transfer_submitted","event_id":30011,"plan_id":20011,"status":"running","completion_kind":"thread_event"}
{"event":"transfer_completed","event_id":30011,"plan_id":20011,"status":"complete","bytes_done":268435456,"latency_us":6656.742,"fallback_used":false,"actual_engine":"acl_direct_async_thp"}
{"event":"transfer_submitted","event_id":30012,"plan_id":20011,"status":"running","completion_kind":"thread_event"}
{"event":"transfer_completed","event_id":30012,"plan_id":20011,"status":"complete","bytes_done":268435456,"latency_us":6351.781,"fallback_used":false,"actual_engine":"acl_direct_async_thp"}
{"event":"transfer_submitted","event_id":30013,"plan_id":20011,"status":"running","completion_kind":"thread_event"}
{"event":"transfer_completed","event_id":30013,"plan_id":20011,"status":"complete","bytes_done":268435456,"latency_us":6331.770,"fallback_used":false,"actual_engine":"acl_direct_async_thp"}
{"event":"lease_closed","lease_id":1009}
{"event":"data_object_released","object_id":109,"creator_client_id":1,"model_id":"phasee08-low-overhead","name":"phasee08.d2h.268435456.dst","role":"user","placement":"ddr"}
{"event":"lease_closed","lease_id":1008}
{"event":"data_object_released","object_id":108,"creator_client_id":1,"model_id":"phasee08-low-overhead","name":"phasee08.d2h.268435456.src","role":"user","placement":"hbm"}
{"event":"lease_closed","lease_id":1007}
{"event":"data_object_released","object_id":107,"creator_client_id":1,"model_id":"phasee08-low-overhead","name":"phasee08.d2h.268435456.preload","role":"user","placement":"ddr"}
{"event":"ddr_object_pretouched","object_id":110,"requested_bytes":1073741824,"path":"/proc/846227/fd/17","ddr_fast_profile":"thp_pretouched","madvise_hugepage":true,"prepare_us":29953.991}
{"event":"ddr_object_created","object_id":110,"lease_id":1010,"client_id":1,"requested_bytes":1073741824,"actual_bytes":1073741824,"role":"user","name":"phasee08.h2d.1073741824.src","target":"host:0","path":"/proc/846227/fd/17"}
{"event":"data_object_ready","object_id":110}
{"event":"block_allocated","block_id":5,"raw_handle_id":6,"requested_bytes":1073741824,"actual_bytes":1073741824,"service_mapping_id":6,"service_device_ptr":"0x12c1c0000000","shareable":30064773342,"dynamic":true}
{"event":"data_object_created","object_id":111,"lease_id":1011,"client_id":1,"block_id":5,"requested_bytes":1073741824,"actual_bytes":1073741824,"role":"user","name":"phasee08.h2d.1073741824.dst","dynamic":true}
{"event":"transfer_planned","plan_id":20013,"client_id":1,"path":"ddr_to_hbm","engine":"acl_direct_async_thp","nbytes":1073741824,"fallback_used":false}
{"event":"transfer_submitted","event_id":30014,"plan_id":20013,"status":"running","completion_kind":"thread_event"}
{"event":"transfer_completed","event_id":30014,"plan_id":20013,"status":"complete","bytes_done":1073741824,"latency_us":17921.604,"fallback_used":false,"actual_engine":"acl_direct_async_thp"}
{"event":"transfer_submitted","event_id":30015,"plan_id":20013,"status":"running","completion_kind":"thread_event"}
{"event":"transfer_completed","event_id":30015,"plan_id":20013,"status":"complete","bytes_done":1073741824,"latency_us":17751.303,"fallback_used":false,"actual_engine":"acl_direct_async_thp"}
{"event":"transfer_submitted","event_id":30016,"plan_id":20013,"status":"running","completion_kind":"thread_event"}
{"event":"transfer_completed","event_id":30016,"plan_id":20013,"status":"complete","bytes_done":1073741824,"latency_us":17713.873,"fallback_used":false,"actual_engine":"acl_direct_async_thp"}
{"event":"lease_closed","lease_id":1011}
{"event":"data_object_released","object_id":111,"creator_client_id":1,"model_id":"phasee08-low-overhead","name":"phasee08.h2d.1073741824.dst","role":"user","placement":"hbm"}
{"event":"lease_closed","lease_id":1010}
{"event":"data_object_released","object_id":110,"creator_client_id":1,"model_id":"phasee08-low-overhead","name":"phasee08.h2d.1073741824.src","role":"user","placement":"ddr"}
{"event":"ddr_object_pretouched","object_id":112,"requested_bytes":1073741824,"path":"/proc/846227/fd/17","ddr_fast_profile":"thp_pretouched","madvise_hugepage":true,"prepare_us":29511.788}
{"event":"ddr_object_created","object_id":112,"lease_id":1012,"client_id":1,"requested_bytes":1073741824,"actual_bytes":1073741824,"role":"user","name":"phasee08.d2h.1073741824.preload","target":"host:0","path":"/proc/846227/fd/17"}
{"event":"data_object_ready","object_id":112}
{"event":"block_allocated","block_id":6,"raw_handle_id":7,"requested_bytes":1073741824,"actual_bytes":1073741824,"service_mapping_id":7,"service_device_ptr":"0x12c1c0000000","shareable":30064773343,"dynamic":true}
{"event":"data_object_created","object_id":113,"lease_id":1013,"client_id":1,"block_id":6,"requested_bytes":1073741824,"actual_bytes":1073741824,"role":"user","name":"phasee08.d2h.1073741824.src","dynamic":true}
{"event":"transfer_planned","plan_id":20015,"client_id":1,"path":"ddr_to_hbm","engine":"acl_direct_async_thp","nbytes":1073741824,"fallback_used":false}
{"event":"transfer_submitted","event_id":30017,"plan_id":20015,"status":"running","completion_kind":"thread_event"}
{"event":"transfer_completed","event_id":30017,"plan_id":20015,"status":"complete","bytes_done":1073741824,"latency_us":17773.904,"fallback_used":false,"actual_engine":"acl_direct_async_thp"}
{"event":"ddr_object_pretouched","object_id":114,"requested_bytes":1073741824,"path":"/proc/846227/fd/18","ddr_fast_profile":"thp_pretouched","madvise_hugepage":true,"prepare_us":29218.097}
{"event":"ddr_object_created","object_id":114,"lease_id":1014,"client_id":1,"requested_bytes":1073741824,"actual_bytes":1073741824,"role":"user","name":"phasee08.d2h.1073741824.dst","target":"host:0","path":"/proc/846227/fd/18"}
{"event":"transfer_planned","plan_id":20017,"client_id":1,"path":"hbm_to_ddr","engine":"acl_direct_async_thp","nbytes":1073741824,"fallback_used":false}
{"event":"transfer_submitted","event_id":30018,"plan_id":20017,"status":"running","completion_kind":"thread_event"}
{"event":"transfer_completed","event_id":30018,"plan_id":20017,"status":"complete","bytes_done":1073741824,"latency_us":24920.079,"fallback_used":false,"actual_engine":"acl_direct_async_thp"}
{"event":"transfer_submitted","event_id":30019,"plan_id":20017,"status":"running","completion_kind":"thread_event"}
{"event":"transfer_completed","event_id":30019,"plan_id":20017,"status":"complete","bytes_done":1073741824,"latency_us":24706.538,"fallback_used":false,"actual_engine":"acl_direct_async_thp"}
{"event":"transfer_submitted","event_id":30020,"plan_id":20017,"status":"running","completion_kind":"thread_event"}
{"event":"transfer_completed","event_id":30020,"plan_id":20017,"status":"complete","bytes_done":1073741824,"latency_us":24694.128,"fallback_used":false,"actual_engine":"acl_direct_async_thp"}
{"event":"lease_closed","lease_id":1014}
{"event":"data_object_released","object_id":114,"creator_client_id":1,"model_id":"phasee08-low-overhead","name":"phasee08.d2h.1073741824.dst","role":"user","placement":"ddr"}
{"event":"lease_closed","lease_id":1013}
{"event":"data_object_released","object_id":113,"creator_client_id":1,"model_id":"phasee08-low-overhead","name":"phasee08.d2h.1073741824.src","role":"user","placement":"hbm"}
{"event":"lease_closed","lease_id":1012}
{"event":"data_object_released","object_id":112,"creator_client_id":1,"model_id":"phasee08-low-overhead","name":"phasee08.d2h.1073741824.preload","role":"user","placement":"ddr"}
{"event":"ddr_object_pretouched","object_id":115,"requested_bytes":2147483648,"path":"/proc/846227/fd/17","ddr_fast_profile":"thp_pretouched","madvise_hugepage":true,"prepare_us":59570.550}
{"event":"ddr_object_created","object_id":115,"lease_id":1015,"client_id":1,"requested_bytes":2147483648,"actual_bytes":2147483648,"role":"user","name":"phasee08.h2d.2147483648.src","target":"host:0","path":"/proc/846227/fd/17"}
{"event":"data_object_ready","object_id":115}
{"event":"block_allocated","block_id":7,"raw_handle_id":8,"requested_bytes":2147483648,"actual_bytes":2147483648,"service_mapping_id":8,"service_device_ptr":"0x12c1c0000000","shareable":30064773344,"dynamic":true}
{"event":"data_object_created","object_id":116,"lease_id":1016,"client_id":1,"block_id":7,"requested_bytes":2147483648,"actual_bytes":2147483648,"role":"user","name":"phasee08.h2d.2147483648.dst","dynamic":true}
{"event":"transfer_planned","plan_id":20019,"client_id":1,"path":"ddr_to_hbm","engine":"acl_direct_async_thp","nbytes":2147483648,"fallback_used":false}
{"event":"transfer_submitted","event_id":30021,"plan_id":20019,"status":"running","completion_kind":"thread_event"}
{"event":"transfer_completed","event_id":30021,"plan_id":20019,"status":"complete","bytes_done":2147483648,"latency_us":37459.890,"fallback_used":false,"actual_engine":"acl_direct_async_thp"}
{"event":"transfer_submitted","event_id":30022,"plan_id":20019,"status":"running","completion_kind":"thread_event"}
{"event":"transfer_completed","event_id":30022,"plan_id":20019,"status":"complete","bytes_done":2147483648,"latency_us":35135.924,"fallback_used":false,"actual_engine":"acl_direct_async_thp"}
{"event":"transfer_submitted","event_id":30023,"plan_id":20019,"status":"running","completion_kind":"thread_event"}
{"event":"transfer_completed","event_id":30023,"plan_id":20019,"status":"complete","bytes_done":2147483648,"latency_us":35126.694,"fallback_used":false,"actual_engine":"acl_direct_async_thp"}
{"event":"lease_closed","lease_id":1016}
{"event":"data_object_released","object_id":116,"creator_client_id":1,"model_id":"phasee08-low-overhead","name":"phasee08.h2d.2147483648.dst","role":"user","placement":"hbm"}
{"event":"lease_closed","lease_id":1015}
{"event":"data_object_released","object_id":115,"creator_client_id":1,"model_id":"phasee08-low-overhead","name":"phasee08.h2d.2147483648.src","role":"user","placement":"ddr"}
{"event":"ddr_object_pretouched","object_id":117,"requested_bytes":2147483648,"path":"/proc/846227/fd/17","ddr_fast_profile":"thp_pretouched","madvise_hugepage":true,"prepare_us":59098.807}
{"event":"ddr_object_created","object_id":117,"lease_id":1017,"client_id":1,"requested_bytes":2147483648,"actual_bytes":2147483648,"role":"user","name":"phasee08.d2h.2147483648.preload","target":"host:0","path":"/proc/846227/fd/17"}
{"event":"data_object_ready","object_id":117}
{"event":"block_allocated","block_id":8,"raw_handle_id":9,"requested_bytes":2147483648,"actual_bytes":2147483648,"service_mapping_id":9,"service_device_ptr":"0x12c1c0000000","shareable":30064773345,"dynamic":true}
{"event":"data_object_created","object_id":118,"lease_id":1018,"client_id":1,"block_id":8,"requested_bytes":2147483648,"actual_bytes":2147483648,"role":"user","name":"phasee08.d2h.2147483648.src","dynamic":true}
{"event":"transfer_planned","plan_id":20021,"client_id":1,"path":"ddr_to_hbm","engine":"acl_direct_async_thp","nbytes":2147483648,"fallback_used":false}
{"event":"transfer_submitted","event_id":30024,"plan_id":20021,"status":"running","completion_kind":"thread_event"}
{"event":"transfer_completed","event_id":30024,"plan_id":20021,"status":"complete","bytes_done":2147483648,"latency_us":35858.499,"fallback_used":false,"actual_engine":"acl_direct_async_thp"}
{"event":"ddr_object_pretouched","object_id":119,"requested_bytes":2147483648,"path":"/proc/846227/fd/18","ddr_fast_profile":"thp_pretouched","madvise_hugepage":true,"prepare_us":58844.075}
{"event":"ddr_object_created","object_id":119,"lease_id":1019,"client_id":1,"requested_bytes":2147483648,"actual_bytes":2147483648,"role":"user","name":"phasee08.d2h.2147483648.dst","target":"host:0","path":"/proc/846227/fd/18"}
{"event":"transfer_planned","plan_id":20023,"client_id":1,"path":"hbm_to_ddr","engine":"acl_direct_async_thp","nbytes":2147483648,"fallback_used":false}
{"event":"transfer_submitted","event_id":30025,"plan_id":20023,"status":"running","completion_kind":"thread_event"}
{"event":"transfer_completed","event_id":30025,"plan_id":20023,"status":"complete","bytes_done":2147483648,"latency_us":49343.565,"fallback_used":false,"actual_engine":"acl_direct_async_thp"}
{"event":"transfer_submitted","event_id":30026,"plan_id":20023,"status":"running","completion_kind":"thread_event"}
{"event":"transfer_completed","event_id":30026,"plan_id":20023,"status":"complete","bytes_done":2147483648,"latency_us":49156.163,"fallback_used":false,"actual_engine":"acl_direct_async_thp"}
{"event":"transfer_submitted","event_id":30027,"plan_id":20023,"status":"running","completion_kind":"thread_event"}
{"event":"transfer_completed","event_id":30027,"plan_id":20023,"status":"complete","bytes_done":2147483648,"latency_us":49131.854,"fallback_used":false,"actual_engine":"acl_direct_async_thp"}
{"event":"lease_closed","lease_id":1019}
{"event":"data_object_released","object_id":119,"creator_client_id":1,"model_id":"phasee08-low-overhead","name":"phasee08.d2h.2147483648.dst","role":"user","placement":"ddr"}
{"event":"lease_closed","lease_id":1018}
{"event":"data_object_released","object_id":118,"creator_client_id":1,"model_id":"phasee08-low-overhead","name":"phasee08.d2h.2147483648.src","role":"user","placement":"hbm"}
{"event":"lease_closed","lease_id":1017}
{"event":"data_object_released","object_id":117,"creator_client_id":1,"model_id":"phasee08-low-overhead","name":"phasee08.d2h.2147483648.preload","role":"user","placement":"ddr"}
{"event":"daemon_shutdown_requested","reason":"command","active_clients":1,"active_leases":0}
{"event":"daemon_shutdown_begin","socket":"/tmp/phasee08_low_overhead_executor_20260630_201609.sock"}
{"event":"daemon_shutdown_complete"}
